C:\USERS\BRYCE\DOCUMENTS\GITHUB\EVO\DEBUG\RENDERER.OBJ
C:\USERS\BRYCE\DOCUMENTS\GITHUB\EVO\DEBUG\TV_PHYSICS.OBJ
C:\USERS\BRYCE\DOCUMENTS\GITHUB\EVO\DEBUG\TV_SCENE.OBJ
C:\USERS\BRYCE\DOCUMENTS\GITHUB\EVO\DEBUG\TEXTRENDERER.OBJ
C:\USERS\BRYCE\DOCUMENTS\GITHUB\EVO\DEBUG\TV_TEXTURE.OBJ
C:\USERS\BRYCE\DOCUMENTS\GITHUB\EVO\DEBUG\TV_TIME.OBJ
C:\USERS\BRYCE\DOCUMENTS\GITHUB\EVO\DEBUG\TRANSFORM.OBJ
C:\USERS\BRYCE\DOCUMENTS\GITHUB\EVO\DEBUG\TV_ALLOC.OBJ
C:\USERS\BRYCE\DOCUMENTS\GITHUB\EVO\DEBUG\TV_LIGHT.OBJ
C:\USERS\BRYCE\DOCUMENTS\GITHUB\EVO\DEBUG\TV_STATS.OBJ
C:\USERS\BRYCE\DOCUMENTS\GITHUB\EVO\DEBUG\TV_TREE.OBJ
C:\USERS\BRYCE\DOCUMENTS\GITHUB\EVO\DEBUG\TV_VECTOR.OBJ
C:\USERS\BRYCE\DOCUMENTS\GITHUB\EVO\DEBUG\TV_TYPES.OBJ
C:\USERS\BRYCE\DOCUMENTS\GITHUB\EVO\DEBUG\TV_UTIL.OBJ
C:\USERS\BRYCE\DOCUMENTS\GITHUB\EVO\DEBUG\WIDGET.OBJ
C:\USERS\BRYCE\DOCUMENTS\GITHUB\EVO\DEBUG\WIDGETMODELS.OBJ
C:\USERS\BRYCE\DOCUMENTS\GITHUB\EVO\DEBUG\WIDGET_FRAME.OBJ
C:\USERS\BRYCE\DOCUMENTS\GITHUB\EVO\DEBUG\WIDGET_SLIDER.OBJ
C:\USERS\BRYCE\DOCUMENTS\GITHUB\EVO\DEBUG\WIDGET_STATS.OBJ
C:\USERS\BRYCE\DOCUMENTS\GITHUB\EVO\DEBUG\WIDGET_TEXTBOX.OBJ
C:\USERS\BRYCE\DOCUMENTS\GITHUB\EVO\DEBUG\TV_AI_PATTERN_DIRECT.OBJ
C:\USERS\BRYCE\DOCUMENTS\GITHUB\EVO\DEBUG\TV_CLIENT.OBJ
C:\USERS\BRYCE\DOCUMENTS\GITHUB\EVO\DEBUG\TV_CLIENT_PACKET.OBJ
C:\USERS\BRYCE\DOCUMENTS\GITHUB\EVO\DEBUG\TV_COLLIDER.OBJ
C:\USERS\BRYCE\DOCUMENTS\GITHUB\EVO\DEBUG\TV_COLLISION.OBJ
C:\USERS\BRYCE\DOCUMENTS\GITHUB\EVO\DEBUG\TV_COMPONENT.OBJ
C:\USERS\BRYCE\DOCUMENTS\GITHUB\EVO\DEBUG\TV_DRAW.OBJ
C:\USERS\BRYCE\DOCUMENTS\GITHUB\EVO\DEBUG\TV_ENTITY.OBJ
C:\USERS\BRYCE\DOCUMENTS\GITHUB\EVO\DEBUG\GUIRENDERER.OBJ
C:\USERS\BRYCE\DOCUMENTS\GITHUB\EVO\DEBUG\TV_GUI.OBJ
C:\USERS\BRYCE\DOCUMENTS\GITHUB\EVO\DEBUG\TV_INPUT.OBJ
C:\USERS\BRYCE\DOCUMENTS\GITHUB\EVO\DEBUG\INSTANCERENDERER.OBJ
C:\USERS\BRYCE\DOCUMENTS\GITHUB\EVO\DEBUG\LINERENDERER.OBJ
C:\USERS\BRYCE\DOCUMENTS\GITHUB\EVO\DEBUG\MATERIAL.OBJ
C:\USERS\BRYCE\DOCUMENTS\GITHUB\EVO\DEBUG\TV_MATRIX.OBJ
C:\USERS\BRYCE\DOCUMENTS\GITHUB\EVO\DEBUG\MODEL.OBJ
C:\USERS\BRYCE\DOCUMENTS\GITHUB\EVO\DEBUG\TV_MESSAGE.OBJ
C:\USERS\BRYCE\DOCUMENTS\GITHUB\EVO\DEBUG\TV_MODELGEN.OBJ
C:\USERS\BRYCE\DOCUMENTS\GITHUB\EVO\DEBUG\MODELRENDERER.OBJ
C:\USERS\BRYCE\DOCUMENTS\GITHUB\EVO\DEBUG\OVERLAYRENDERER.OBJ
C:\USERS\BRYCE\DOCUMENTS\GITHUB\EVO\DEBUG\AI_BEHAVIOR.OBJ
C:\USERS\BRYCE\DOCUMENTS\GITHUB\EVO\DEBUG\ANIMATION.OBJ
C:\USERS\BRYCE\DOCUMENTS\GITHUB\EVO\DEBUG\ANIMATIONRENDERER.OBJ
C:\USERS\BRYCE\DOCUMENTS\GITHUB\EVO\DEBUG\CAMERA.OBJ
C:\USERS\BRYCE\DOCUMENTS\GITHUB\EVO\DEBUG\CJSON.OBJ
C:\USERS\BRYCE\DOCUMENTS\GITHUB\EVO\DEBUG\TV_AI_BEHAVIOR_ASTAR.OBJ
C:\USERS\BRYCE\DOCUMENTS\GITHUB\EVO\DEBUG\VC110.PDB
C:\USERS\BRYCE\DOCUMENTS\GITHUB\EVO\DEBUG\ENTITY_SPAWN_PT1.OBJ
C:\USERS\BRYCE\DOCUMENTS\GITHUB\EVO\DEBUG\ENTITY_TERRAIN.OBJ
C:\USERS\BRYCE\DOCUMENTS\GITHUB\EVO\DEBUG\ENTITY_TEST_GUN.OBJ
C:\USERS\BRYCE\DOCUMENTS\GITHUB\EVO\DEBUG\ENTITY_TEST_PLANE.OBJ
C:\USERS\BRYCE\DOCUMENTS\GITHUB\EVO\DEBUG\ENTITY_TEXT.OBJ
C:\USERS\BRYCE\DOCUMENTS\GITHUB\EVO\DEBUG\FAIRY.OBJ
C:\USERS\BRYCE\DOCUMENTS\GITHUB\EVO\DEBUG\GRID.OBJ
C:\USERS\BRYCE\DOCUMENTS\GITHUB\EVO\DEBUG\GUN.OBJ
C:\USERS\BRYCE\DOCUMENTS\GITHUB\EVO\DEBUG\HUD.OBJ
C:\USERS\BRYCE\DOCUMENTS\GITHUB\EVO\DEBUG\LASER.OBJ
C:\USERS\BRYCE\DOCUMENTS\GITHUB\EVO\DEBUG\PREFAB_FAIRY.OBJ
C:\USERS\BRYCE\DOCUMENTS\GITHUB\EVO\DEBUG\PREFAB_MOVING_SPHERE.OBJ
C:\USERS\BRYCE\DOCUMENTS\GITHUB\EVO\DEBUG\PROJECTILE.OBJ
C:\USERS\BRYCE\DOCUMENTS\GITHUB\EVO\DEBUG\SINESPAWNER.OBJ
C:\USERS\BRYCE\DOCUMENTS\GITHUB\EVO\DEBUG\SPAWNER.OBJ
C:\USERS\BRYCE\DOCUMENTS\GITHUB\EVO\DEBUG\STORY_POINT.OBJ
C:\USERS\BRYCE\DOCUMENTS\GITHUB\EVO\DEBUG\TERRAIN.OBJ
C:\USERS\BRYCE\DOCUMENTS\GITHUB\EVO\DEBUG\MASS.OBJ
C:\USERS\BRYCE\DOCUMENTS\GITHUB\EVO\DEBUG\UNIT.OBJ
C:\USERS\BRYCE\DOCUMENTS\GITHUB\EVO\DEBUG\VELOCITY.OBJ
C:\USERS\BRYCE\DOCUMENTS\GITHUB\EVO\DEBUG\ABILITIES.OBJ
C:\USERS\BRYCE\DOCUMENTS\GITHUB\EVO\DEBUG\ABILITY.OBJ
C:\USERS\BRYCE\DOCUMENTS\GITHUB\EVO\DEBUG\APPREGISTER.OBJ
C:\USERS\BRYCE\DOCUMENTS\GITHUB\EVO\DEBUG\APP.OBJ
C:\USERS\BRYCE\DOCUMENTS\GITHUB\EVO\DEBUG\PLAYERMOTOR.OBJ
C:\USERS\BRYCE\DOCUMENTS\GITHUB\EVO\DEBUG\APP_ABILITY_MOVE.OBJ
C:\USERS\BRYCE\DOCUMENTS\GITHUB\EVO\DEBUG\APP_ABILITY_WHACK.OBJ
C:\USERS\BRYCE\DOCUMENTS\GITHUB\EVO\DEBUG\APP_PREFABS_BADDIE_DOOMSPHERE.OBJ
C:\USERS\BRYCE\DOCUMENTS\GITHUB\EVO\DEBUG\APP_SINE_MOVE.OBJ
C:\USERS\BRYCE\DOCUMENTS\GITHUB\EVO\DEBUG\APP_TERRAIN.OBJ
C:\USERS\BRYCE\DOCUMENTS\GITHUB\EVO\DEBUG\APP_UNIT.OBJ
C:\USERS\BRYCE\DOCUMENTS\GITHUB\EVO\DEBUG\CAMERA_CONTROLLER.OBJ
C:\USERS\BRYCE\DOCUMENTS\GITHUB\EVO\DEBUG\CURSOR.OBJ
C:\USERS\BRYCE\DOCUMENTS\GITHUB\EVO\DEBUG\DESERT1.OBJ
C:\USERS\BRYCE\DOCUMENTS\GITHUB\EVO\DEBUG\ENTITY_CAMERA_CONTROLLER.OBJ
C:\USERS\BRYCE\DOCUMENTS\GITHUB\EVO\DEBUG\ENTITY_CURSOR.OBJ
C:\USERS\BRYCE\DOCUMENTS\GITHUB\EVO\DEBUG\ENTITY_FAIRY2.OBJ
C:\USERS\BRYCE\DOCUMENTS\GITHUB\EVO\DEBUG\ENTITY_GRID.OBJ
C:\USERS\BRYCE\DOCUMENTS\GITHUB\EVO\DEBUG\ENTITY_GROUND.OBJ
C:\USERS\BRYCE\DOCUMENTS\GITHUB\EVO\DEBUG\ENTITY_MAIN_GUI.OBJ
C:\USERS\BRYCE\DOCUMENTS\GITHUB\EVO\DEBUG\WIDGET_TEXTEDIT.OBJ
C:\USERS\BRYCE\DOCUMENTS\GITHUB\EVO\DEBUG\JET_ENGINE.OBJ
C:\USERS\BRYCE\DOCUMENTS\GITHUB\EVO\DEBUG\MOVE.OBJ
C:\USERS\BRYCE\DOCUMENTS\GITHUB\EVO\DEBUG\MELEE.OBJ
C:\USERS\BRYCE\DOCUMENTS\GITHUB\EVO\DEBUG\CLIENT.LIB
C:\USERS\BRYCE\DOCUMENTS\GITHUB\EVO\DEBUG\APP.ILK
C:\USERS\BRYCE\DOCUMENTS\GITHUB\EVO\DEBUG\APP.EXE
C:\USERS\BRYCE\DOCUMENTS\GITHUB\EVO\DEBUG\APP.PDB
C:\Users\Bryce\Documents\GitHub\evo\Debug\abilities.obj
C:\Users\Bryce\Documents\GitHub\evo\Debug\ability.obj
C:\Users\Bryce\Documents\GitHub\evo\Debug\ai_behavior.obj
C:\Users\Bryce\Documents\GitHub\evo\Debug\animation.obj
C:\Users\Bryce\Documents\GitHub\evo\Debug\animationrenderer.obj
C:\Users\Bryce\Documents\GitHub\evo\Debug\app.obj
C:\Users\Bryce\Documents\GitHub\evo\Debug\appregister.obj
C:\Users\Bryce\Documents\GitHub\evo\Debug\app_ability_move.obj
C:\Users\Bryce\Documents\GitHub\evo\Debug\app_ability_whack.obj
C:\Users\Bryce\Documents\GitHub\evo\Debug\app_prefabs_baddie_doomsphere.obj
C:\Users\Bryce\Documents\GitHub\evo\Debug\app_sine_move.obj
C:\Users\Bryce\Documents\GitHub\evo\Debug\app_terrain.obj
C:\Users\Bryce\Documents\GitHub\evo\Debug\app_unit.obj
C:\Users\Bryce\Documents\GitHub\evo\Debug\camera.obj
C:\Users\Bryce\Documents\GitHub\evo\Debug\camera_controller.obj
C:\Users\Bryce\Documents\GitHub\evo\Debug\cJSON.obj
C:\Users\Bryce\Documents\GitHub\evo\Debug\cursor.obj
C:\Users\Bryce\Documents\GitHub\evo\Debug\desert1.obj
C:\Users\Bryce\Documents\GitHub\evo\Debug\entity_camera_controller.obj
C:\Users\Bryce\Documents\GitHub\evo\Debug\entity_cursor.obj
C:\Users\Bryce\Documents\GitHub\evo\Debug\entity_fairy2.obj
C:\Users\Bryce\Documents\GitHub\evo\Debug\entity_grid.obj
C:\Users\Bryce\Documents\GitHub\evo\Debug\entity_ground.obj
C:\Users\Bryce\Documents\GitHub\evo\Debug\entity_main_gui.obj
C:\Users\Bryce\Documents\GitHub\evo\Debug\entity_spawn_pt1.obj
C:\Users\Bryce\Documents\GitHub\evo\Debug\entity_terrain.obj
C:\Users\Bryce\Documents\GitHub\evo\Debug\entity_test_gun.obj
C:\Users\Bryce\Documents\GitHub\evo\Debug\entity_test_plane.obj
C:\Users\Bryce\Documents\GitHub\evo\Debug\entity_text.obj
C:\Users\Bryce\Documents\GitHub\evo\Debug\fairy.obj
C:\Users\Bryce\Documents\GitHub\evo\Debug\grid.obj
C:\Users\Bryce\Documents\GitHub\evo\Debug\guirenderer.obj
C:\Users\Bryce\Documents\GitHub\evo\Debug\gun.obj
C:\Users\Bryce\Documents\GitHub\evo\Debug\hud.obj
C:\Users\Bryce\Documents\GitHub\evo\Debug\instancerenderer.obj
C:\Users\Bryce\Documents\GitHub\evo\Debug\jet_engine.obj
C:\Users\Bryce\Documents\GitHub\evo\Debug\laser.obj
C:\Users\Bryce\Documents\GitHub\evo\Debug\linerenderer.obj
C:\Users\Bryce\Documents\GitHub\evo\Debug\mass.obj
C:\Users\Bryce\Documents\GitHub\evo\Debug\material.obj
C:\Users\Bryce\Documents\GitHub\evo\Debug\melee.obj
C:\Users\Bryce\Documents\GitHub\evo\Debug\model.obj
C:\Users\Bryce\Documents\GitHub\evo\Debug\modelrenderer.obj
C:\Users\Bryce\Documents\GitHub\evo\Debug\move.obj
C:\Users\Bryce\Documents\GitHub\evo\Debug\overlayrenderer.obj
C:\Users\Bryce\Documents\GitHub\evo\Debug\playermotor.obj
C:\Users\Bryce\Documents\GitHub\evo\Debug\prefab_fairy.obj
C:\Users\Bryce\Documents\GitHub\evo\Debug\prefab_moving_sphere.obj
C:\Users\Bryce\Documents\GitHub\evo\Debug\projectile.obj
C:\Users\Bryce\Documents\GitHub\evo\Debug\renderer.obj
C:\Users\Bryce\Documents\GitHub\evo\Debug\sinespawner.obj
C:\Users\Bryce\Documents\GitHub\evo\Debug\spawner.obj
C:\Users\Bryce\Documents\GitHub\evo\Debug\story_point.obj
C:\Users\Bryce\Documents\GitHub\evo\Debug\terrain.obj
C:\Users\Bryce\Documents\GitHub\evo\Debug\textrenderer.obj
C:\Users\Bryce\Documents\GitHub\evo\Debug\transform.obj
C:\Users\Bryce\Documents\GitHub\evo\Debug\tv_ai_behavior_astar.obj
C:\Users\Bryce\Documents\GitHub\evo\Debug\tv_ai_pattern_direct.obj
C:\Users\Bryce\Documents\GitHub\evo\Debug\tv_alloc.obj
C:\Users\Bryce\Documents\GitHub\evo\Debug\tv_client.obj
C:\Users\Bryce\Documents\GitHub\evo\Debug\tv_client_packet.obj
C:\Users\Bryce\Documents\GitHub\evo\Debug\tv_collider.obj
C:\Users\Bryce\Documents\GitHub\evo\Debug\tv_collision.obj
C:\Users\Bryce\Documents\GitHub\evo\Debug\tv_component.obj
C:\Users\Bryce\Documents\GitHub\evo\Debug\tv_draw.obj
C:\Users\Bryce\Documents\GitHub\evo\Debug\tv_entity.obj
C:\Users\Bryce\Documents\GitHub\evo\Debug\tv_gui.obj
C:\Users\Bryce\Documents\GitHub\evo\Debug\tv_input.obj
C:\Users\Bryce\Documents\GitHub\evo\Debug\tv_light.obj
C:\Users\Bryce\Documents\GitHub\evo\Debug\tv_matrix.obj
C:\Users\Bryce\Documents\GitHub\evo\Debug\tv_message.obj
C:\Users\Bryce\Documents\GitHub\evo\Debug\tv_modelgen.obj
C:\Users\Bryce\Documents\GitHub\evo\Debug\tv_physics.obj
C:\Users\Bryce\Documents\GitHub\evo\Debug\tv_scene.obj
C:\Users\Bryce\Documents\GitHub\evo\Debug\tv_stats.obj
C:\Users\Bryce\Documents\GitHub\evo\Debug\tv_texture.obj
C:\Users\Bryce\Documents\GitHub\evo\Debug\tv_time.obj
C:\Users\Bryce\Documents\GitHub\evo\Debug\tv_tree.obj
C:\Users\Bryce\Documents\GitHub\evo\Debug\tv_types.obj
C:\Users\Bryce\Documents\GitHub\evo\Debug\tv_util.obj
C:\Users\Bryce\Documents\GitHub\evo\Debug\tv_vector.obj
C:\Users\Bryce\Documents\GitHub\evo\Debug\unit.obj
C:\Users\Bryce\Documents\GitHub\evo\Debug\velocity.obj
C:\Users\Bryce\Documents\GitHub\evo\Debug\widget.obj
C:\Users\Bryce\Documents\GitHub\evo\Debug\widgetmodels.obj
C:\Users\Bryce\Documents\GitHub\evo\Debug\widget_frame.obj
C:\Users\Bryce\Documents\GitHub\evo\Debug\widget_slider.obj
C:\Users\Bryce\Documents\GitHub\evo\Debug\widget_stats.obj
C:\Users\Bryce\Documents\GitHub\evo\Debug\widget_textbox.obj
C:\Users\Bryce\Documents\GitHub\evo\Debug\widget_textedit.obj
C:\Users\Bryce\Documents\GitHub\evo\Debug\App.ilk
C:\Users\Bryce\Documents\GitHub\evo\Debug\cl.command.1.tlog
C:\Users\Bryce\Documents\GitHub\evo\Debug\CL.read.1.tlog
C:\Users\Bryce\Documents\GitHub\evo\Debug\CL.write.1.tlog
C:\Users\Bryce\Documents\GitHub\evo\Debug\Lib-link.read.1.tlog
C:\Users\Bryce\Documents\GitHub\evo\Debug\Lib-link.write.1.tlog
C:\Users\Bryce\Documents\GitHub\evo\Debug\lib.command.1.tlog
C:\Users\Bryce\Documents\GitHub\evo\Debug\link-cvtres.read.1.tlog
C:\Users\Bryce\Documents\GitHub\evo\Debug\link-cvtres.write.1.tlog
C:\Users\Bryce\Documents\GitHub\evo\Debug\link-rc.read.1.tlog
C:\Users\Bryce\Documents\GitHub\evo\Debug\link-rc.write.1.tlog
C:\Users\Bryce\Documents\GitHub\evo\Debug\link.13692-cvtres.read.1.tlog
C:\Users\Bryce\Documents\GitHub\evo\Debug\link.13692-cvtres.write.1.tlog
C:\Users\Bryce\Documents\GitHub\evo\Debug\link.13692-rc.read.1.tlog
C:\Users\Bryce\Documents\GitHub\evo\Debug\link.13692-rc.write.1.tlog
C:\Users\Bryce\Documents\GitHub\evo\Debug\link.13692.read.1.tlog
C:\Users\Bryce\Documents\GitHub\evo\Debug\link.13692.write.1.tlog
C:\Users\Bryce\Documents\GitHub\evo\Debug\link.13832-cvtres.read.1.tlog
C:\Users\Bryce\Documents\GitHub\evo\Debug\link.13832-cvtres.write.1.tlog
C:\Users\Bryce\Documents\GitHub\evo\Debug\link.13832-rc.read.1.tlog
C:\Users\Bryce\Documents\GitHub\evo\Debug\link.13832-rc.write.1.tlog
C:\Users\Bryce\Documents\GitHub\evo\Debug\link.13832.read.1.tlog
C:\Users\Bryce\Documents\GitHub\evo\Debug\link.13832.write.1.tlog
C:\Users\Bryce\Documents\GitHub\evo\Debug\link.13924-cvtres.read.1.tlog
C:\Users\Bryce\Documents\GitHub\evo\Debug\link.13924-cvtres.write.1.tlog
C:\Users\Bryce\Documents\GitHub\evo\Debug\link.13924-rc.read.1.tlog
C:\Users\Bryce\Documents\GitHub\evo\Debug\link.13924-rc.write.1.tlog
C:\Users\Bryce\Documents\GitHub\evo\Debug\link.13924.read.1.tlog
C:\Users\Bryce\Documents\GitHub\evo\Debug\link.13924.write.1.tlog
C:\Users\Bryce\Documents\GitHub\evo\Debug\link.14872-cvtres.read.1.tlog
C:\Users\Bryce\Documents\GitHub\evo\Debug\link.14872-cvtres.write.1.tlog
C:\Users\Bryce\Documents\GitHub\evo\Debug\link.14872-rc.read.1.tlog
C:\Users\Bryce\Documents\GitHub\evo\Debug\link.14872-rc.write.1.tlog
C:\Users\Bryce\Documents\GitHub\evo\Debug\link.14872.read.1.tlog
C:\Users\Bryce\Documents\GitHub\evo\Debug\link.14872.write.1.tlog
C:\Users\Bryce\Documents\GitHub\evo\Debug\link.command.1.tlog
C:\Users\Bryce\Documents\GitHub\evo\Debug\link.read.1.tlog
C:\Users\Bryce\Documents\GitHub\evo\Debug\link.write.1.tlog
C:\Users\Bryce\Documents\GitHub\evo\Debug\vc110.idb
C:\Users\Bryce\Documents\GitHub\evo\Debug\App.pdb
C:\Users\Bryce\Documents\GitHub\evo\Debug\vc110.pdb
C:\Users\Bryce\Documents\GitHub\evo\Debug\App.exe
