C:\USERS\BRYCE\DOCUMENTS\GITHUB\EVO\DEBUG\VELOCITY.OBJ
C:\USERS\BRYCE\DOCUMENTS\GITHUB\EVO\DEBUG\APP_TERRAIN.OBJ
C:\USERS\BRYCE\DOCUMENTS\GITHUB\EVO\DEBUG\TERRAIN.OBJ
C:\USERS\BRYCE\DOCUMENTS\GITHUB\EVO\DEBUG\ENTITY_CAMERA_CONTROLLER.OBJ
C:\USERS\BRYCE\DOCUMENTS\GITHUB\EVO\DEBUG\ENTITY_CURSOR.OBJ
C:\USERS\BRYCE\DOCUMENTS\GITHUB\EVO\DEBUG\ENTITY_FAIRY2.OBJ
C:\USERS\BRYCE\DOCUMENTS\GITHUB\EVO\DEBUG\ENTITY_GRID.OBJ
C:\USERS\BRYCE\DOCUMENTS\GITHUB\EVO\DEBUG\ENTITY_GROUND.OBJ
C:\USERS\BRYCE\DOCUMENTS\GITHUB\EVO\DEBUG\ENTITY_MAIN_GUI.OBJ
C:\USERS\BRYCE\DOCUMENTS\GITHUB\EVO\DEBUG\ENTITY_SPAWN_PT1.OBJ
C:\USERS\BRYCE\DOCUMENTS\GITHUB\EVO\DEBUG\ENTITY_TERRAIN.OBJ
C:\USERS\BRYCE\DOCUMENTS\GITHUB\EVO\DEBUG\ENTITY_TEST_GUN.OBJ
C:\USERS\BRYCE\DOCUMENTS\GITHUB\EVO\DEBUG\ENTITY_TEST_PLANE.OBJ
C:\USERS\BRYCE\DOCUMENTS\GITHUB\EVO\DEBUG\ENTITY_TEXT.OBJ
C:\USERS\BRYCE\DOCUMENTS\GITHUB\EVO\DEBUG\FAIRY.OBJ
C:\USERS\BRYCE\DOCUMENTS\GITHUB\EVO\DEBUG\APP_PREFABS_BADDIE_DOOMSPHERE.OBJ
C:\USERS\BRYCE\DOCUMENTS\GITHUB\EVO\DEBUG\PREFAB_FAIRY.OBJ
C:\USERS\BRYCE\DOCUMENTS\GITHUB\EVO\DEBUG\PREFAB_MOVING_SPHERE.OBJ
C:\USERS\BRYCE\DOCUMENTS\GITHUB\EVO\DEBUG\DESERT1.OBJ
C:\USERS\BRYCE\DOCUMENTS\GITHUB\EVO\DEBUG\ABILITIES.OBJ
C:\USERS\BRYCE\DOCUMENTS\GITHUB\EVO\DEBUG\ABILITY.OBJ
C:\USERS\BRYCE\DOCUMENTS\GITHUB\EVO\DEBUG\APP_ABILITY_MOVE.OBJ
C:\USERS\BRYCE\DOCUMENTS\GITHUB\EVO\DEBUG\APP_ABILITY_WHACK.OBJ
C:\USERS\BRYCE\DOCUMENTS\GITHUB\EVO\DEBUG\MELEE.OBJ
C:\USERS\BRYCE\DOCUMENTS\GITHUB\EVO\DEBUG\MOVE.OBJ
C:\USERS\BRYCE\DOCUMENTS\GITHUB\EVO\DEBUG\CURSOR.OBJ
C:\USERS\BRYCE\DOCUMENTS\GITHUB\EVO\DEBUG\HUD.OBJ
C:\USERS\BRYCE\DOCUMENTS\GITHUB\EVO\DEBUG\APP_SINE_MOVE.OBJ
C:\USERS\BRYCE\DOCUMENTS\GITHUB\EVO\DEBUG\CAMERA_CONTROLLER.OBJ
C:\USERS\BRYCE\DOCUMENTS\GITHUB\EVO\DEBUG\GRID.OBJ
C:\USERS\BRYCE\DOCUMENTS\GITHUB\EVO\DEBUG\GUN.OBJ
C:\USERS\BRYCE\DOCUMENTS\GITHUB\EVO\DEBUG\JET_ENGINE.OBJ
C:\USERS\BRYCE\DOCUMENTS\GITHUB\EVO\DEBUG\LASER.OBJ
C:\USERS\BRYCE\DOCUMENTS\GITHUB\EVO\DEBUG\MASS.OBJ
C:\USERS\BRYCE\DOCUMENTS\GITHUB\EVO\DEBUG\PLAYERMOTOR.OBJ
C:\USERS\BRYCE\DOCUMENTS\GITHUB\EVO\DEBUG\PROJECTILE.OBJ
C:\USERS\BRYCE\DOCUMENTS\GITHUB\EVO\DEBUG\SINESPAWNER.OBJ
C:\USERS\BRYCE\DOCUMENTS\GITHUB\EVO\DEBUG\SPAWNER.OBJ
C:\USERS\BRYCE\DOCUMENTS\GITHUB\EVO\DEBUG\STORY_POINT.OBJ
C:\USERS\BRYCE\DOCUMENTS\GITHUB\EVO\DEBUG\APP.OBJ
C:\USERS\BRYCE\DOCUMENTS\GITHUB\EVO\DEBUG\VC110.PDB
C:\USERS\BRYCE\DOCUMENTS\GITHUB\EVO\DEBUG\APP_UNIT.OBJ
C:\USERS\BRYCE\DOCUMENTS\GITHUB\EVO\DEBUG\APPREGISTER.OBJ
C:\Users\Bryce\Documents\GitHub\evo\Debug\abilities.obj
C:\Users\Bryce\Documents\GitHub\evo\Debug\ability.obj
C:\Users\Bryce\Documents\GitHub\evo\Debug\app.obj
C:\Users\Bryce\Documents\GitHub\evo\Debug\appregister.obj
C:\Users\Bryce\Documents\GitHub\evo\Debug\app_ability_move.obj
C:\Users\Bryce\Documents\GitHub\evo\Debug\app_ability_whack.obj
C:\Users\Bryce\Documents\GitHub\evo\Debug\app_prefabs_baddie_doomsphere.obj
C:\Users\Bryce\Documents\GitHub\evo\Debug\app_sine_move.obj
C:\Users\Bryce\Documents\GitHub\evo\Debug\app_terrain.obj
C:\Users\Bryce\Documents\GitHub\evo\Debug\app_unit.obj
C:\Users\Bryce\Documents\GitHub\evo\Debug\camera_controller.obj
C:\Users\Bryce\Documents\GitHub\evo\Debug\cursor.obj
C:\Users\Bryce\Documents\GitHub\evo\Debug\desert1.obj
C:\Users\Bryce\Documents\GitHub\evo\Debug\entity_camera_controller.obj
C:\Users\Bryce\Documents\GitHub\evo\Debug\entity_cursor.obj
C:\Users\Bryce\Documents\GitHub\evo\Debug\entity_fairy2.obj
C:\Users\Bryce\Documents\GitHub\evo\Debug\entity_grid.obj
C:\Users\Bryce\Documents\GitHub\evo\Debug\entity_ground.obj
C:\Users\Bryce\Documents\GitHub\evo\Debug\entity_main_gui.obj
C:\Users\Bryce\Documents\GitHub\evo\Debug\entity_spawn_pt1.obj
C:\Users\Bryce\Documents\GitHub\evo\Debug\entity_terrain.obj
C:\Users\Bryce\Documents\GitHub\evo\Debug\entity_test_gun.obj
C:\Users\Bryce\Documents\GitHub\evo\Debug\entity_test_plane.obj
C:\Users\Bryce\Documents\GitHub\evo\Debug\entity_text.obj
C:\Users\Bryce\Documents\GitHub\evo\Debug\fairy.obj
C:\Users\Bryce\Documents\GitHub\evo\Debug\grid.obj
C:\Users\Bryce\Documents\GitHub\evo\Debug\gun.obj
C:\Users\Bryce\Documents\GitHub\evo\Debug\hud.obj
C:\Users\Bryce\Documents\GitHub\evo\Debug\jet_engine.obj
C:\Users\Bryce\Documents\GitHub\evo\Debug\laser.obj
C:\Users\Bryce\Documents\GitHub\evo\Debug\mass.obj
C:\Users\Bryce\Documents\GitHub\evo\Debug\melee.obj
C:\Users\Bryce\Documents\GitHub\evo\Debug\move.obj
C:\Users\Bryce\Documents\GitHub\evo\Debug\playermotor.obj
C:\Users\Bryce\Documents\GitHub\evo\Debug\prefab_fairy.obj
C:\Users\Bryce\Documents\GitHub\evo\Debug\prefab_moving_sphere.obj
C:\Users\Bryce\Documents\GitHub\evo\Debug\projectile.obj
C:\Users\Bryce\Documents\GitHub\evo\Debug\sinespawner.obj
C:\Users\Bryce\Documents\GitHub\evo\Debug\spawner.obj
C:\Users\Bryce\Documents\GitHub\evo\Debug\story_point.obj
C:\Users\Bryce\Documents\GitHub\evo\Debug\terrain.obj
C:\Users\Bryce\Documents\GitHub\evo\Debug\velocity.obj
C:\Users\Bryce\Documents\GitHub\evo\Debug\cl.command.1.tlog
C:\Users\Bryce\Documents\GitHub\evo\Debug\CL.read.1.tlog
C:\Users\Bryce\Documents\GitHub\evo\Debug\CL.write.1.tlog
C:\Users\Bryce\Documents\GitHub\evo\Debug\link.command.1.tlog
C:\Users\Bryce\Documents\GitHub\evo\Debug\link.read.1.tlog
C:\Users\Bryce\Documents\GitHub\evo\Debug\link.write.1.tlog
C:\Users\Bryce\Documents\GitHub\evo\Debug\vc110.idb
C:\Users\Bryce\Documents\GitHub\evo\Debug\vc110.pdb
