C:\USERS\BRYCE\DOCUMENTS\GITHUB\EVO\RELEASE\TERRAIN_TILE.OBJ
C:\USERS\BRYCE\DOCUMENTS\GITHUB\EVO\RELEASE\TERRAIN.OBJ
C:\USERS\BRYCE\DOCUMENTS\GITHUB\EVO\RELEASE\GRID.OBJ
C:\USERS\BRYCE\DOCUMENTS\GITHUB\EVO\RELEASE\PLAYERMOTOR.OBJ
C:\USERS\BRYCE\DOCUMENTS\GITHUB\EVO\RELEASE\APP.OBJ
C:\USERS\BRYCE\DOCUMENTS\GITHUB\EVO\RELEASE\APPREGISTER.OBJ
C:\USERS\BRYCE\DOCUMENTS\GITHUB\EVO\RELEASE\VC110.PDB
C:\USERS\BRYCE\DOCUMENTS\GITHUB\EVO\RELEASE\TEXTRENDERER.OBJ
C:\USERS\BRYCE\DOCUMENTS\GITHUB\EVO\RELEASE\SCENE.OBJ
C:\USERS\BRYCE\DOCUMENTS\GITHUB\EVO\RELEASE\RENDERER.OBJ
C:\USERS\BRYCE\DOCUMENTS\GITHUB\EVO\RELEASE\MODELRENDERER.OBJ
C:\USERS\BRYCE\DOCUMENTS\GITHUB\EVO\RELEASE\MODELGEN.OBJ
C:\USERS\BRYCE\DOCUMENTS\GITHUB\EVO\RELEASE\MODEL.OBJ
C:\USERS\BRYCE\DOCUMENTS\GITHUB\EVO\RELEASE\MATRIX.OBJ
C:\USERS\BRYCE\DOCUMENTS\GITHUB\EVO\RELEASE\MATERIAL.OBJ
C:\USERS\BRYCE\DOCUMENTS\GITHUB\EVO\RELEASE\LINERENDERER.OBJ
C:\USERS\BRYCE\DOCUMENTS\GITHUB\EVO\RELEASE\INSTANCERENDERER.OBJ
C:\USERS\BRYCE\DOCUMENTS\GITHUB\EVO\RELEASE\INPUT.OBJ
C:\USERS\BRYCE\DOCUMENTS\GITHUB\EVO\RELEASE\ENTITY.OBJ
C:\USERS\BRYCE\DOCUMENTS\GITHUB\EVO\RELEASE\DRAW.OBJ
C:\USERS\BRYCE\DOCUMENTS\GITHUB\EVO\RELEASE\COMPONENT.OBJ
C:\USERS\BRYCE\DOCUMENTS\GITHUB\EVO\RELEASE\COLLISION.OBJ
C:\USERS\BRYCE\DOCUMENTS\GITHUB\EVO\RELEASE\CLIENT_PACKET.OBJ
C:\USERS\BRYCE\DOCUMENTS\GITHUB\EVO\RELEASE\CLIENT.OBJ
C:\USERS\BRYCE\DOCUMENTS\GITHUB\EVO\RELEASE\CJSON.OBJ
C:\USERS\BRYCE\DOCUMENTS\GITHUB\EVO\RELEASE\CAMERA.OBJ
C:\USERS\BRYCE\DOCUMENTS\GITHUB\EVO\RELEASE\ANIMATION.OBJ
C:\USERS\BRYCE\DOCUMENTS\GITHUB\EVO\RELEASE\UTIL.OBJ
C:\USERS\BRYCE\DOCUMENTS\GITHUB\EVO\RELEASE\TYPES.OBJ
C:\USERS\BRYCE\DOCUMENTS\GITHUB\EVO\RELEASE\TV_VECTOR.OBJ
C:\USERS\BRYCE\DOCUMENTS\GITHUB\EVO\RELEASE\TV_ALLOC.OBJ
C:\USERS\BRYCE\DOCUMENTS\GITHUB\EVO\RELEASE\TRANSFORM.OBJ
C:\USERS\BRYCE\DOCUMENTS\GITHUB\EVO\RELEASE\TIMER.OBJ
C:\USERS\BRYCE\DOCUMENTS\GITHUB\EVO\RELEASE\TEXTURE.OBJ
C:\USERS\BRYCE\DOCUMENTS\GITHUB\EVO\RELEASE\CLIENT.LIB
C:\Users\Bryce\Documents\GitHub\evo\Release\animation.obj
C:\Users\Bryce\Documents\GitHub\evo\Release\app.obj
C:\Users\Bryce\Documents\GitHub\evo\Release\appregister.obj
C:\Users\Bryce\Documents\GitHub\evo\Release\camera.obj
C:\Users\Bryce\Documents\GitHub\evo\Release\cJSON.obj
C:\Users\Bryce\Documents\GitHub\evo\Release\client.obj
C:\Users\Bryce\Documents\GitHub\evo\Release\client_packet.obj
C:\Users\Bryce\Documents\GitHub\evo\Release\collision.obj
C:\Users\Bryce\Documents\GitHub\evo\Release\component.obj
C:\Users\Bryce\Documents\GitHub\evo\Release\draw.obj
C:\Users\Bryce\Documents\GitHub\evo\Release\entity.obj
C:\Users\Bryce\Documents\GitHub\evo\Release\grid.obj
C:\Users\Bryce\Documents\GitHub\evo\Release\input.obj
C:\Users\Bryce\Documents\GitHub\evo\Release\instancerenderer.obj
C:\Users\Bryce\Documents\GitHub\evo\Release\linerenderer.obj
C:\Users\Bryce\Documents\GitHub\evo\Release\material.obj
C:\Users\Bryce\Documents\GitHub\evo\Release\matrix.obj
C:\Users\Bryce\Documents\GitHub\evo\Release\model.obj
C:\Users\Bryce\Documents\GitHub\evo\Release\modelgen.obj
C:\Users\Bryce\Documents\GitHub\evo\Release\modelrenderer.obj
C:\Users\Bryce\Documents\GitHub\evo\Release\playermotor.obj
C:\Users\Bryce\Documents\GitHub\evo\Release\renderer.obj
C:\Users\Bryce\Documents\GitHub\evo\Release\scene.obj
C:\Users\Bryce\Documents\GitHub\evo\Release\terrain.obj
C:\Users\Bryce\Documents\GitHub\evo\Release\terrain_tile.obj
C:\Users\Bryce\Documents\GitHub\evo\Release\textrenderer.obj
C:\Users\Bryce\Documents\GitHub\evo\Release\texture.obj
C:\Users\Bryce\Documents\GitHub\evo\Release\timer.obj
C:\Users\Bryce\Documents\GitHub\evo\Release\transform.obj
C:\Users\Bryce\Documents\GitHub\evo\Release\tv_alloc.obj
C:\Users\Bryce\Documents\GitHub\evo\Release\tv_vector.obj
C:\Users\Bryce\Documents\GitHub\evo\Release\types.obj
C:\Users\Bryce\Documents\GitHub\evo\Release\util.obj
C:\Users\Bryce\Documents\GitHub\evo\Release\cl.command.1.tlog
C:\Users\Bryce\Documents\GitHub\evo\Release\CL.read.1.tlog
C:\Users\Bryce\Documents\GitHub\evo\Release\CL.write.1.tlog
C:\Users\Bryce\Documents\GitHub\evo\Release\Lib-link.read.1.tlog
C:\Users\Bryce\Documents\GitHub\evo\Release\Lib-link.write.1.tlog
C:\Users\Bryce\Documents\GitHub\evo\Release\lib.command.1.tlog
C:\Users\Bryce\Documents\GitHub\evo\Release\link.command.1.tlog
C:\Users\Bryce\Documents\GitHub\evo\Release\link.read.1.tlog
C:\Users\Bryce\Documents\GitHub\evo\Release\link.write.1.tlog
C:\Users\Bryce\Documents\GitHub\evo\Release\vc110.pdb
C:\Users\Bryce\Documents\GitHub\evo\Release\client.lib
